*************************************************
Publish Info: animals 
Publish: Aardvark
Time: 1580942668.9315832
*************************************************
Publish Info: animals 
Publish: Abyssinian
Time: 1580942679.9368086
*************************************************
Publish Info: animals 
Publish: Adelie Penguin
Time: 1580942680.9377155
*************************************************
Publish Info: animals 
Publish: Affenpinscher
Time: 1580942681.93903
*************************************************
Publish Info: animals 
Publish: Afghan Houn
Time: 1580942682.9406843
*************************************************
Publish Info: animals 
Publish: Aardvark
Time: 1580944520.531457
*************************************************
Publish Info: animals 
Publish: Abyssinian
Time: 1580944523.0350893
*************************************************
Publish Info: animals 
Publish: Adelie Penguin
Time: 1580944524.0371342
*************************************************
Publish Info: animals 
Publish: Affenpinscher
Time: 1580944525.0391366
*************************************************
Publish Info: animals 
Publish: Afghan Houn
Time: 1580944526.040601
*************************************************
Publish Info: animals 
Publish: Aardvark
Time: 1580945208.8340468
*************************************************
Publish Info: animals 
Publish: Abyssinian
Time: 1580945209.836572
*************************************************
Publish Info: animals 
Publish: Adelie Penguin
Time: 1580945210.8385377
*************************************************
Publish Info: animals 
Publish: Affenpinscher
Time: 1580945211.840171
*************************************************
Publish Info: animals 
Publish: Afghan Houn
Time: 1580945212.8418012
*************************************************
Publish Info: animals 
Publish: Aardvark
Time: 1580946021.675838
*************************************************
Publish Info: animals 
Publish: Abyssinian
Time: 1580946022.6781964
*************************************************
Publish Info: animals 
Publish: Adelie Penguin
Time: 1580946023.6802864
*************************************************
Publish Info: animals 
Publish: Affenpinscher
Time: 1580946024.6822839
*************************************************
Publish Info: animals 
Publish: Afghan Houn
Time: 1580946025.6841645
*************************************************
Publish Info: animals 
Publish: Aardvark
Time: 1580946386.1538942
*************************************************
Publish Info: animals 
Publish: Abyssinian
Time: 1580946387.1560478
*************************************************
Publish Info: animals 
Publish: Adelie Penguin
Time: 1580946388.1580808
*************************************************
Publish Info: animals 
Publish: Affenpinscher
Time: 1580946389.1601727
*************************************************
Publish Info: animals 
Publish: Afghan Houn
Time: 1580946390.162175
*************************************************
Publish Info: foods 
Publish: asparagus
Time: 1580947070.6636446
*************************************************
Publish Info: foods 
Publish: apples
Time: 1580947071.6661663
*************************************************
Publish Info: foods 
Publish: avacado
Time: 1580947072.6682436
*************************************************
Publish Info: foods 
Publish: alfalfa
Time: 1580947073.6702201
*************************************************
Publish Info: foods 
Publish: acorn squash
Time: 1580947074.6720662
*************************************************
Publish Info: foods 
Publish: almond
Time: 1580947075.6740744
*************************************************
Publish Info: foods 
Publish: arugala
Time: 1580947076.6761603
*************************************************
Publish Info: animals 
Publish: Aardvark
Time: 1580947339.3679018
*************************************************
Publish Info: animals 
Publish: Abyssinian
Time: 1580947340.3704293
*************************************************
Publish Info: animals 
Publish: Adelie Penguin
Time: 1580947341.3725
*************************************************
Publish Info: animals 
Publish: Affenpinscher
Time: 1580947342.3745124
*************************************************
Publish Info: animals 
Publish: Afghan Houn
Time: 1580947343.3765125
*************************************************
Publish Info: animals 
Publish: Aardvark
Time: 1580949056.7755592
*************************************************
Publish Info: animals 
Publish: Abyssinian
Time: 1580949062.7709086
*************************************************
Publish Info: animals 
Publish: Adelie Penguin
Time: 1580949063.7723603
*************************************************
Publish Info: animals 
Publish: Affenpinscher
Time: 1580949064.7737868
*************************************************
Publish Info: animals 
Publish: Afghan Houn
Time: 1580949065.7749286
*************************************************
Publish Info: animals 
Publish: Aardvark
Time: 1582867451.6999207
*************************************************
Publish Info: animals 
Publish: Abyssinian
Time: 1582867452.7562187
*************************************************
Publish Info: animals 
Publish: Adelie Penguin
Time: 1582867453.7576272
*************************************************
Publish Info: animals 
Publish: Affenpinscher
Time: 1582867454.7595248
*************************************************
Publish Info: animals 
Publish: Afghan Hound
Time: 1582867455.7613301
*************************************************
Publish Info: animals 
Publish: American Bulldog
Time: 1582867456.7645972
*************************************************
Publish Info: animals 
Publish: American Cocker Spaniel
Time: 1582867457.7680717
*************************************************
Publish Info: animals 
Publish: American Coonhound
Time: 1582867458.7713695
