*************************************************
Publish Info: animals 
Publish: Aardvark
Time: 1580945265.9239328
*************************************************
Publish Info: animals 
Publish: Abyssinian
Time: 1580945266.9258683
*************************************************
Publish Info: animals 
Publish: Adelie Penguin
Time: 1580945267.9278486
*************************************************
Publish Info: animals 
Publish: Affenpinscher
Time: 1580945268.9289567
*************************************************
Publish Info: animals 
Publish: Afghan Houn
Time: 1580945269.9309509
*************************************************
Publish Info: animals 
Publish: Aardvark
Time: 1580945375.0919678
*************************************************
Publish Info: animals 
Publish: Abyssinian
Time: 1580945376.0943558
*************************************************
Publish Info: animals 
Publish: Adelie Penguin
Time: 1580945377.0955234
*************************************************
Publish Info: animals 
Publish: Affenpinscher
Time: 1580945378.0970314
*************************************************
Publish Info: animals 
Publish: Afghan Houn
Time: 1580945379.0986016
*************************************************
Publish Info: animals 
Publish: Aardvark
Time: 1580945594.7117224
*************************************************
Publish Info: animals 
Publish: Abyssinian
Time: 1580945595.7137642
*************************************************
Publish Info: animals 
Publish: Adelie Penguin
Time: 1580945596.7149632
*************************************************
Publish Info: animals 
Publish: Affenpinscher
Time: 1580945597.7168906
*************************************************
Publish Info: animals 
Publish: Afghan Houn
Time: 1580945598.718809
*************************************************
Publish Info: foods 
Publish: osh
Time: 1580948176.541771
*************************************************
Publish Info: foods 
Publish: Cabbage
Time: 1580948177.5441964
*************************************************
Publish Info: foods 
Publish: cake
Time: 1580948178.5460508
*************************************************
Publish Info: foods 
Publish: carrots
Time: 1580948179.5479138
*************************************************
Publish Info: foods 
Publish: carne asada
Time: 1580948180.549798
*************************************************
Publish Info: foods 
Publish: celery
Time: 1580948181.550702
*************************************************
Publish Info: foods 
Publish: cheese
Time: 1580948182.5529015
*************************************************
Publish Info: foods 
Publish: chicken
Time: 1580948183.5548587
*************************************************
Publish Info: foods 
Publish: catfish
Time: 1580948184.556881
*************************************************
Publish Info: foods 
Publish: chips
Time: 1580948185.5589082
*************************************************
Publish Info: foods 
Publish: chocolate
Time: 1580948186.5609372
*************************************************
Publish Info: foods 
Publish: chowder
Time: 1580948187.5629396
*************************************************
Publish Info: foods 
Publish: clams
Time: 1580948188.5649326
*************************************************
Publish Info: foods 
Publish: coffee
Time: 1580948189.5669236
*************************************************
Publish Info: foods 
Publish: cookies
Time: 1580948190.5689175
*************************************************
Publish Info: foods 
Publish: corn
Time: 1580948191.5709102
*************************************************
Publish Info: foods 
Publish: cupcakes
Time: 1580948192.5728836
*************************************************
Publish Info: foods 
Publish: crab
Time: 1580948193.5749238
*************************************************
Publish Info: foods 
Publish: curry
Time: 1580948194.5768788
*************************************************
Publish Info: foods 
Publish: cereal
Time: 1580948195.578843
*************************************************
Publish Info: foods 
Publish: chimichang
Time: 1580948196.580777
