*************************************************
Publish Info: animals 
Publish: Aardvark
Time: 1580942683.9425454
*************************************************
Publish Info: animals 
Publish: Abyssinian
Time: 1580942684.9509165
*************************************************
Publish Info: animals 
Publish: Adelie Penguin
Time: 1580942685.9561775
*************************************************
Publish Info: animals 
Publish: Affenpinscher
Time: 1580942686.9577045
*************************************************
Publish Info: animals 
Publish: Afghan Houn
Time: 1580942687.958913
*************************************************
Publish Info: animals 
Publish: Aardvark
Time: 1580945889.3201952
*************************************************
Publish Info: animals 
Publish: Abyssinian
Time: 1580945890.3223891
*************************************************
Publish Info: animals 
Publish: Adelie Penguin
Time: 1580945891.3243852
*************************************************
Publish Info: animals 
Publish: Affenpinscher
Time: 1580945892.3260396
*************************************************
Publish Info: animals 
Publish: Afghan Houn
Time: 1580945893.3274684
*************************************************
Publish Info: universities 
Publish: Princeton University
Time: 1580947722.9448893
*************************************************
Publish Info: universities 
Publish: Harvard University
Time: 1580947723.9469345
*************************************************
Publish Info: universities 
Publish: University of Chicago
Time: 1580947724.9488304
*************************************************
Publish Info: universities 
Publish: Yale University
Time: 1580947725.9503462
*************************************************
Publish Info: universities 
Publish: Columbia University
Time: 1580947726.951795
*************************************************
Publish Info: universities 
Publish: Massachusetts Institute of Technology
Time: 1580947727.953318
*************************************************
Publish Info: universities 
Publish: Stanford University
Time: 1580947728.954886
*************************************************
Publish Info: universities 
Publish: University of Pennsylvania
Time: 1580947729.955911
*************************************************
Publish Info: universities 
Publish: Duke University
Time: 1580947730.9574957
*************************************************
Publish Info: universities 
Publish: California Institute of Technology
Time: 1580947731.958344
*************************************************
Publish Info: universities 
Publish: Dartmouth College
Time: 1580947732.9596515
*************************************************
Publish Info: universities 
Publish: Johns Hopkins University
Time: 1580947733.9613202
*************************************************
Publish Info: universities 
Publish: Northwestern University
Time: 1580947734.9628475
*************************************************
Publish Info: universities 
Publish: Brown University
Time: 1580947735.9643857
*************************************************
Publish Info: universities 
Publish: Cornell University
Time: 1580947736.9651873
*************************************************
Publish Info: universities 
Publish: Rice University
Time: 1580947737.9667172
*************************************************
Publish Info: universities 
Publish: Vanderbilt University
Time: 1580947738.9683237
*************************************************
Publish Info: animals 
Publish: Aardvark
Time: 1580948518.9736276
*************************************************
Publish Info: animals 
Publish: Abyssinian
Time: 1580948519.9760082
*************************************************
Publish Info: animals 
Publish: Adelie Penguin
Time: 1580948520.9780169
*************************************************
Publish Info: animals 
Publish: Affenpinscher
Time: 1580948521.9799814
*************************************************
Publish Info: animals 
Publish: Afghan Houn
Time: 1580948522.9819047
*************************************************
Publish Info: universities 
Publish: Princeton University
Time: 1580948782.3278491
*************************************************
Publish Info: universities 
Publish: Harvard University
Time: 1580948783.3303494
*************************************************
Publish Info: universities 
Publish: University of Chicago
Time: 1580948784.3323345
*************************************************
Publish Info: universities 
Publish: Yale University
Time: 1580948785.334337
*************************************************
Publish Info: universities 
Publish: Columbia University
Time: 1580948786.3363695
*************************************************
Publish Info: universities 
Publish: Massachusetts Institute of Technology
Time: 1580948787.3383844
*************************************************
Publish Info: universities 
Publish: Stanford University
Time: 1580948788.3404255
*************************************************
Publish Info: universities 
Publish: Princeton University
Time: 1580948828.3821418
*************************************************
Publish Info: universities 
Publish: Harvard University
Time: 1580948829.3846927
*************************************************
Publish Info: universities 
Publish: University of Chicago
Time: 1580948830.3866735
*************************************************
Publish Info: universities 
Publish: Yale University
Time: 1580948831.3885727
*************************************************
Publish Info: universities 
Publish: Columbia University
Time: 1580948832.390597
*************************************************
Publish Info: universities 
Publish: Massachusetts Institute of Technology
Time: 1580948833.3926222
*************************************************
Publish Info: universities 
Publish: Stanford University
Time: 1580948834.394647
*************************************************
Publish Info: animals 
Publish: Aardvark
Time: 1582760180.2422597
*************************************************
Publish Info: animals 
Publish: Abyssinian
Time: 1582760186.2487557
*************************************************
Publish Info: animals 
Publish: Adelie Penguin
Time: 1582760187.2506998
*************************************************
Publish Info: animals 
Publish: Affenpinscher
Time: 1582760188.2531047
*************************************************
Publish Info: animals 
Publish: Afghan Houn
Time: 1582760189.2545328
