*************************************************
Publish Info: countries 
Publish: Antigua and Barbuda
Time: 1580947573.6514316
*************************************************
Publish Info: countries 
Publish: Argentina
Time: 1580947594.6626616
*************************************************
Publish Info: countries 
Publish: Armenia
Time: 1580947595.664165
*************************************************
Publish Info: countries 
Publish: Aruba
Time: 1580947596.6656997
*************************************************
Publish Info: countries 
Publish: Belize
Time: 1580947597.666926
*************************************************
Publish Info: countries 
Publish: Benin
Time: 1580947598.66848
*************************************************
Publish Info: countries 
Publish: Bhutan
Time: 1580947599.670329
*************************************************
Publish Info: countries 
Publish: Bolivia
Time: 1580947600.6709194
*************************************************
Publish Info: countries 
Publish: Bosnia and Herzegovina
Time: 1580947601.6723838
*************************************************
Publish Info: countries 
Publish: Botswana
Time: 1580947602.6738222
*************************************************
Publish Info: countries 
Publish: Chad
Time: 1580947603.674914
*************************************************
Publish Info: countries 
Publish: Chile
Time: 1580947604.6768687
*************************************************
Publish Info: countries 
Publish: China
Time: 1580947605.6784027
*************************************************
Publish Info: countries 
Publish: Colombia
Time: 1580947606.6799543
*************************************************
Publish Info: countries 
Publish: Comoros
Time: 1580947607.6815042
*************************************************
Publish Info: animals 
Publish: Aardvark
Time: 1580949066.7754312
*************************************************
Publish Info: animals 
Publish: Abyssinian
Time: 1580949067.782682
*************************************************
Publish Info: animals 
Publish: Adelie Penguin
Time: 1580949068.784353
*************************************************
Publish Info: animals 
Publish: Affenpinscher
Time: 1580949069.7858489
*************************************************
Publish Info: animals 
Publish: Afghan Houn
Time: 1580949070.7869186
