*************************************************
Publish Info: animals 
Publish: Aardvark
Time: 1580945776.019952
*************************************************
Publish Info: animals 
Publish: Abyssinian
Time: 1580945777.0222352
*************************************************
Publish Info: animals 
Publish: Adelie Penguin
Time: 1580945778.0241237
*************************************************
Publish Info: animals 
Publish: Affenpinscher
Time: 1580945779.0260184
*************************************************
Publish Info: animals 
Publish: Afghan Houn
Time: 1580945780.0269513
*************************************************
Publish Info: countries 
Publish: Antigua and Barbuda
Time: 1580948385.7966485
*************************************************
Publish Info: countries 
Publish: Argentina
Time: 1580948386.7986674
*************************************************
Publish Info: countries 
Publish: Armenia
Time: 1580948387.8006852
*************************************************
Publish Info: countries 
Publish: Aruba
Time: 1580948388.8026733
*************************************************
Publish Info: countries 
Publish: Belize
Time: 1580948389.8046882
*************************************************
Publish Info: countries 
Publish: Benin
Time: 1580948390.8066664
*************************************************
Publish Info: countries 
Publish: Bhutan
Time: 1580948391.8087132
*************************************************
Publish Info: countries 
Publish: Bolivia
Time: 1580948392.8107133
*************************************************
Publish Info: countries 
Publish: Bosnia and Herzegovina
Time: 1580948393.8127625
*************************************************
Publish Info: countries 
Publish: Botswana
Time: 1580948394.8145618
*************************************************
Publish Info: countries 
Publish: Chad
Time: 1580948395.8165495
*************************************************
Publish Info: countries 
Publish: Chile
Time: 1580948396.8180861
*************************************************
Publish Info: countries 
Publish: China
Time: 1580948397.818907
*************************************************
Publish Info: countries 
Publish: Colombia
Time: 1580948398.819722
*************************************************
Publish Info: countries 
Publish: Comoros
Time: 1580948399.8213205
*************************************************
Publish Info: animals 
Publish: Aardvark
Time: 1582783453.4939225
*************************************************
Publish Info: animals 
Publish: Abyssinian
Time: 1582783454.5343592
*************************************************
Publish Info: animals 
Publish: Adelie Penguin
Time: 1582783455.5376933
*************************************************
Publish Info: animals 
Publish: Affenpinscher
Time: 1582783456.5410142
*************************************************
Publish Info: animals 
Publish: Afghan Hound
Time: 1582783457.5434663
*************************************************
Publish Info: animals 
Publish: American Bulldog
Time: 1582783458.5448027
*************************************************
Publish Info: animals 
Publish: American Cocker Spaniel
Time: 1582783459.5471427
*************************************************
Publish Info: animals 
Publish: American Coonhound
Time: 1582783460.5489132
*************************************************
Publish Info: animals 
Publish: American Eskimo Dog
Time: 1582783461.5508091
*************************************************
Publish Info: animals 
Publish: American Foxhound
Time: 1582783462.552595
*************************************************
Publish Info: animals 
Publish: American Pit Bull Terrier
Time: 1582783463.5546002
*************************************************
Publish Info: animals 
Publish: Aardvark
Time: 1582867023.668456
*************************************************
Publish Info: animals 
Publish: Abyssinian
Time: 1582867024.669649
*************************************************
Publish Info: animals 
Publish: Adelie Penguin
Time: 1582867025.671646
*************************************************
Publish Info: animals 
Publish: Affenpinscher
Time: 1582867026.6734452
*************************************************
Publish Info: animals 
Publish: Afghan Hound
Time: 1582867027.6747868
*************************************************
Publish Info: animals 
Publish: American Bulldog
Time: 1582867028.6765804
