*************************************************
Publish Info: animals 
Publish: Aardvark
Time: 1580946087.6837463
*************************************************
Publish Info: animals 
Publish: Abyssinian
Time: 1580946088.685941
*************************************************
Publish Info: animals 
Publish: Adelie Penguin
Time: 1580946089.6878448
*************************************************
Publish Info: animals 
Publish: Affenpinscher
Time: 1580946090.6898394
*************************************************
Publish Info: animals 
Publish: Afghan Houn
Time: 1580946091.6918352
*************************************************
Publish Info: animals 
Publish: Aardvark
Time: 1580946526.1831326
*************************************************
Publish Info: animals 
Publish: Abyssinian
Time: 1580946527.185545
*************************************************
Publish Info: animals 
Publish: Adelie Penguin
Time: 1580946528.1874728
*************************************************
Publish Info: animals 
Publish: Affenpinscher
Time: 1580946529.189437
*************************************************
Publish Info: animals 
Publish: Afghan Houn
Time: 1580946530.191444
*************************************************
Publish Info: countries 
Publish: Antigua and Barbuda
Time: 1580947262.4787636
*************************************************
Publish Info: countries 
Publish: Argentina
Time: 1580947263.4814055
*************************************************
Publish Info: countries 
Publish: Armenia
Time: 1580947264.4829633
*************************************************
Publish Info: countries 
Publish: Aruba
Time: 1580947265.4845493
*************************************************
Publish Info: countries 
Publish: Belize
Time: 1580947266.4865315
*************************************************
Publish Info: countries 
Publish: Benin
Time: 1580947267.4884713
*************************************************
Publish Info: countries 
Publish: Bhutan
Time: 1580947268.4904974
*************************************************
Publish Info: countries 
Publish: Bolivia
Time: 1580947269.4924712
*************************************************
Publish Info: animals 
Publish: Aardvark
Time: 1582760190.2523909
*************************************************
Publish Info: animals 
Publish: Abyssinian
Time: 1582760191.2561457
*************************************************
Publish Info: animals 
Publish: Adelie Penguin
Time: 1582760192.2579527
*************************************************
Publish Info: animals 
Publish: Affenpinscher
Time: 1582760193.2595978
*************************************************
Publish Info: animals 
Publish: Afghan Houn
Time: 1582760194.2612386
