*************************************************
Publish Info: countries 
Publish: Antigua and Barbuda
Time: 1580947598.6675096
*************************************************
Publish Info: countries 
Publish: Argentina
Time: 1580947599.6821103
*************************************************
Publish Info: countries 
Publish: Armenia
Time: 1580947600.6869123
*************************************************
Publish Info: countries 
Publish: Aruba
Time: 1580947601.6883824
*************************************************
Publish Info: countries 
Publish: Belize
Time: 1580947602.689921
*************************************************
Publish Info: countries 
Publish: Benin
Time: 1580947603.6909227
*************************************************
Publish Info: countries 
Publish: Bhutan
Time: 1580947604.6924994
*************************************************
Publish Info: countries 
Publish: Bolivia
Time: 1580947605.6941636
*************************************************
Publish Info: countries 
Publish: Bosnia and Herzegovina
Time: 1580947606.6953118
*************************************************
Publish Info: countries 
Publish: Botswana
Time: 1580947607.6969926
*************************************************
Publish Info: countries 
Publish: Chad
Time: 1580947608.6986506
*************************************************
Publish Info: countries 
Publish: Chile
Time: 1580947609.7009792
*************************************************
Publish Info: countries 
Publish: China
Time: 1580947610.702695
*************************************************
Publish Info: countries 
Publish: Colombia
Time: 1580947611.7048776
*************************************************
Publish Info: countries 
Publish: Comoros
Time: 1580947612.706412
*************************************************
Publish Info: universities 
Publish: Princeton University
Time: 1580947879.7217925
*************************************************
Publish Info: universities 
Publish: Harvard University
Time: 1580947888.2263734
*************************************************
Publish Info: universities 
Publish: University of Chicago
Time: 1580947889.226913
*************************************************
Publish Info: universities 
Publish: Yale University
Time: 1580947890.2284544
*************************************************
Publish Info: universities 
Publish: Columbia University
Time: 1580947891.229933
*************************************************
Publish Info: universities 
Publish: Massachusetts Institute of Technology
Time: 1580947892.2315614
*************************************************
Publish Info: universities 
Publish: Stanford University
Time: 1580947893.233418
*************************************************
Publish Info: universities 
Publish: University of Pennsylvania
Time: 1580947894.2353506
*************************************************
Publish Info: universities 
Publish: Duke University
Time: 1580947895.237285
*************************************************
Publish Info: universities 
Publish: California Institute of Technology
Time: 1580947896.239205
*************************************************
Publish Info: universities 
Publish: Dartmouth College
Time: 1580947897.240873
*************************************************
Publish Info: universities 
Publish: Johns Hopkins University
Time: 1580947898.2419212
*************************************************
Publish Info: universities 
Publish: Northwestern University
Time: 1580947899.2438335
*************************************************
Publish Info: universities 
Publish: Brown University
Time: 1580947900.2457848
*************************************************
Publish Info: universities 
Publish: Cornell University
Time: 1580947901.247738
*************************************************
Publish Info: universities 
Publish: Rice University
Time: 1580947902.249675
*************************************************
Publish Info: universities 
Publish: Vanderbilt University
Time: 1580947903.2516124
