*************************************************
Publish Info: animals 
Publish: Aardvark
Time: 1580942757.0409951
*************************************************
Publish Info: animals 
Publish: Abyssinian
Time: 1580942758.0433993
*************************************************
Publish Info: animals 
Publish: Adelie Penguin
Time: 1580942759.0454226
*************************************************
Publish Info: animals 
Publish: Affenpinscher
Time: 1580942760.047466
*************************************************
Publish Info: animals 
Publish: Afghan Houn
Time: 1580942761.049481
*************************************************
Publish Info: animals 
Publish: Aardvark
Time: 1580947508.5318015
*************************************************
Publish Info: animals 
Publish: Abyssinian
Time: 1580947509.5343378
*************************************************
Publish Info: animals 
Publish: Adelie Penguin
Time: 1580947510.5364165
*************************************************
Publish Info: animals 
Publish: Affenpinscher
Time: 1580947511.5384772
*************************************************
Publish Info: animals 
Publish: Afghan Houn
Time: 1580947512.5405607
