*************************************************
Publish Info: animals 
Publish: Aardvark
Time: 1580942683.9435236
*************************************************
Publish Info: animals 
Publish: Abyssinian
Time: 1580942684.9525363
*************************************************
Publish Info: animals 
Publish: Adelie Penguin
Time: 1580942685.9549115
*************************************************
Publish Info: animals 
Publish: Affenpinscher
Time: 1580942686.956393
*************************************************
Publish Info: animals 
Publish: Afghan Houn
Time: 1580942687.9585965
*************************************************
Publish Info: universities 
Publish: Princeton University
Time: 1580946857.8116927
*************************************************
Publish Info: universities 
Publish: Harvard University
Time: 1580946858.8140407
*************************************************
Publish Info: universities 
Publish: University of Chicago
Time: 1580946859.8161006
*************************************************
Publish Info: universities 
Publish: Yale University
Time: 1580946860.8181398
*************************************************
Publish Info: universities 
Publish: Columbia University
Time: 1580946861.8197205
*************************************************
Publish Info: universities 
Publish: Massachusetts Institute of Technology
Time: 1580946862.8217847
*************************************************
Publish Info: universities 
Publish: Stanford University
Time: 1580946863.8229942
*************************************************
Publish Info: universities 
Publish: University of Pennsylvania
Time: 1580946864.8250518
*************************************************
Publish Info: countries 
Publish: Antigua and Barbuda
Time: 1580946959.091817
*************************************************
Publish Info: countries 
Publish: Argentina
Time: 1580946960.0940304
*************************************************
Publish Info: countries 
Publish: Armenia
Time: 1580946961.0960863
*************************************************
Publish Info: countries 
Publish: Aruba
Time: 1580946962.09815
*************************************************
Publish Info: countries 
Publish: Belize
Time: 1580946963.1001947
*************************************************
Publish Info: countries 
Publish: Benin
Time: 1580946964.1022415
*************************************************
Publish Info: countries 
Publish: Bhutan
Time: 1580946965.1043062
*************************************************
Publish Info: countries 
Publish: Bolivia
Time: 1580946966.1063395
*************************************************
Publish Info: animals 
Publish: Aardvark
Time: 1580947598.667441
*************************************************
Publish Info: animals 
Publish: Abyssinian
Time: 1580947599.6768174
*************************************************
Publish Info: animals 
Publish: Adelie Penguin
Time: 1580947600.6789272
*************************************************
Publish Info: animals 
Publish: Affenpinscher
Time: 1580947601.6806653
*************************************************
Publish Info: animals 
Publish: Afghan Houn
Time: 1580947602.6823072
*************************************************
Publish Info: phones 
Publish: Samsung
Time: 1580947598.667632
*************************************************
Publish Info: phones 
Publish: Apple
Time: 1580947599.6742687
*************************************************
Publish Info: phones 
Publish: Nokia
Time: 1580947600.6760614
*************************************************
Publish Info: phones 
Publish: Sony
Time: 1580947601.6775508
*************************************************
Publish Info: phones 
Publish: LG
Time: 1580947602.6789112
*************************************************
Publish Info: phones 
Publish: HTC
Time: 1580947603.6802742
*************************************************
Publish Info: phones 
Publish: Motorola
Time: 1580947604.6815956
*************************************************
Publish Info: phones 
Publish: Huawei
Time: 1580947605.6830003
*************************************************
Publish Info: phones 
Publish: Xiaomi
Time: 1580947606.6845138
*************************************************
Publish Info: phones 
Publish: Vivo
Time: 1580947607.6858916
*************************************************
Publish Info: phones 
Publish: Samsung
Time: 1580948284.1693082
*************************************************
Publish Info: phones 
Publish: Apple
Time: 1580948285.1717396
*************************************************
Publish Info: phones 
Publish: Nokia
Time: 1580948286.173658
*************************************************
Publish Info: phones 
Publish: Sony
Time: 1580948287.1756024
*************************************************
Publish Info: phones 
Publish: LG
Time: 1580948288.1768243
*************************************************
Publish Info: phones 
Publish: HTC
Time: 1580948289.178746
*************************************************
Publish Info: phones 
Publish: Motorola
Time: 1580948290.1806788
*************************************************
Publish Info: phones 
Publish: Huawei
Time: 1580948291.1826117
*************************************************
Publish Info: phones 
Publish: Xiaomi
Time: 1580948292.1845489
*************************************************
Publish Info: phones 
Publish: Vivo
Time: 1580948293.1863778
*************************************************
Publish Info: animals 
Publish: Aardvark
Time: 1580948882.485144
*************************************************
Publish Info: animals 
Publish: Abyssinian
Time: 1580948883.4881308
*************************************************
Publish Info: animals 
Publish: Adelie Penguin
Time: 1580948884.4901247
*************************************************
Publish Info: animals 
Publish: Affenpinscher
Time: 1580948885.492102
*************************************************
Publish Info: animals 
Publish: Afghan Houn
Time: 1580948886.4940896
*************************************************
Publish Info: animals 
Publish: Aardvark
Time: 1582664516.8912156
*************************************************
Publish Info: animals 
Publish: Abyssinian
Time: 1582664517.8935301
*************************************************
Publish Info: animals 
Publish: Adelie Penguin
Time: 1582664518.8948936
*************************************************
Publish Info: animals 
Publish: Affenpinscher
Time: 1582664519.8964875
*************************************************
Publish Info: animals 
Publish: Afghan Houn
Time: 1582664520.8981078
*************************************************
Publish Info: animals 
Publish: Aardvark
Time: 1582779186.0725336
*************************************************
Publish Info: animals 
Publish: Abyssinian
Time: 1582779187.076097
*************************************************
Publish Info: animals 
Publish: Adelie Penguin
Time: 1582779188.0784628
*************************************************
Publish Info: animals 
Publish: Affenpinscher
Time: 1582779189.081173
*************************************************
Publish Info: animals 
Publish: Afghan Hound
Time: 1582779190.082683
*************************************************
Publish Info: animals 
Publish: American Bulldog
Time: 1582779191.0839655
*************************************************
Publish Info: animals 
Publish: American Cocker Spaniel
Time: 1582779192.0863242
*************************************************
Publish Info: animals 
Publish: American Coonhound
Time: 1582779193.08914
*************************************************
Publish Info: animals 
Publish: American Eskimo Dog
Time: 1582779194.0910661
*************************************************
Publish Info: animals 
Publish: American Foxhound
Time: 1582779195.092395
*************************************************
Publish Info: animals 
Publish: American Pit Bull Terrier
Time: 1582779196.0942457
*************************************************
Publish Info: animals 
Publish: American Staffordshire Terrier
Time: 1582779197.0951347
*************************************************
Publish Info: animals 
Publish: American Water Spaniel
Time: 1582779198.0970676
*************************************************
Publish Info: animals 
Publish: Anatolian Shepherd Dog
Time: 1582779199.0985153
*************************************************
Publish Info: animals 
Publish: Angelfish
Time: 1582779200.1041062
*************************************************
Publish Info: animals 
Publish: Aardvark
Time: 1582868113.330093
*************************************************
Publish Info: animals 
Publish: Abyssinian
Time: 1582868139.3669028
*************************************************
Publish Info: animals 
Publish: Adelie Penguin
Time: 1582868140.368756
*************************************************
Publish Info: animals 
Publish: Affenpinscher
Time: 1582868141.370794
*************************************************
Publish Info: animals 
Publish: Afghan Hound
Time: 1582868142.372808
*************************************************
Publish Info: animals 
Publish: American Bulldog
Time: 1582868143.3744793
*************************************************
Publish Info: animals 
Publish: American Cocker Spaniel
Time: 1582868144.3762145
*************************************************
Publish Info: animals 
Publish: American Coonhound
Time: 1582868145.377881
