*************************************************
Publish Info: countries 
Publish: Antigua and Barbuda
Time: 1580947207.0710263
*************************************************
Publish Info: countries 
Publish: Argentina
Time: 1580947208.0734768
*************************************************
Publish Info: countries 
Publish: Armenia
Time: 1580947209.0754561
*************************************************
Publish Info: countries 
Publish: Aruba
Time: 1580947210.077499
*************************************************
Publish Info: countries 
Publish: Belize
Time: 1580947211.07951
*************************************************
Publish Info: countries 
Publish: Benin
Time: 1580947212.0815701
*************************************************
Publish Info: countries 
Publish: Bhutan
Time: 1580947213.0835881
*************************************************
Publish Info: universities 
Publish: Princeton University
Time: 1580947598.66369
*************************************************
Publish Info: universities 
Publish: Harvard University
Time: 1580947599.6726284
*************************************************
Publish Info: universities 
Publish: University of Chicago
Time: 1580947600.674388
*************************************************
Publish Info: universities 
Publish: Yale University
Time: 1580947601.676124
*************************************************
Publish Info: universities 
Publish: Columbia University
Time: 1580947602.6777112
*************************************************
Publish Info: universities 
Publish: Massachusetts Institute of Technology
Time: 1580947603.6789181
*************************************************
Publish Info: universities 
Publish: Stanford University
Time: 1580947604.6804414
*************************************************
Publish Info: universities 
Publish: University of Pennsylvania
Time: 1580947605.6820016
*************************************************
Publish Info: universities 
Publish: Duke University
Time: 1580947606.6829236
*************************************************
Publish Info: universities 
Publish: California Institute of Technology
Time: 1580947607.6848078
*************************************************
Publish Info: universities 
Publish: Dartmouth College
Time: 1580947608.6862738
*************************************************
Publish Info: universities 
Publish: Johns Hopkins University
Time: 1580947609.6869645
*************************************************
Publish Info: universities 
Publish: Northwestern University
Time: 1580947610.6892238
*************************************************
Publish Info: universities 
Publish: Brown University
Time: 1580947611.690402
*************************************************
Publish Info: universities 
Publish: Cornell University
Time: 1580947612.6919343
*************************************************
Publish Info: universities 
Publish: Rice University
Time: 1580947613.6934745
*************************************************
Publish Info: universities 
Publish: Vanderbilt University
Time: 1580947614.6950593
*************************************************
Publish Info: foods 
Publish: asparagus
Time: 1580947712.9234242
*************************************************
Publish Info: foods 
Publish: apples
Time: 1580947718.941196
*************************************************
Publish Info: foods 
Publish: avacado
Time: 1580947719.942624
*************************************************
Publish Info: foods 
Publish: alfalfa
Time: 1580947720.9445183
*************************************************
Publish Info: foods 
Publish: acorn squash
Time: 1580947721.9459803
*************************************************
Publish Info: foods 
Publish: almond
Time: 1580947722.946929
*************************************************
Publish Info: foods 
Publish: arugala
Time: 1580947723.948394
*************************************************
Publish Info: foods 
Publish: artichoke
Time: 1580947724.9498348
*************************************************
Publish Info: foods 
Publish: applesauce
Time: 1580947725.9509237
*************************************************
Publish Info: foods 
Publish: asian noodles
Time: 1580947726.9523487
*************************************************
Publish Info: foods 
Publish: antelope
Time: 1580947727.953812
*************************************************
Publish Info: foods 
Publish: ahi tuna
Time: 1580947728.9548776
*************************************************
Publish Info: foods 
Publish: albacore tuna
Time: 1580947729.9565284
*************************************************
Publish Info: foods 
Publish: Apple juice
Time: 1580947730.9575124
*************************************************
Publish Info: foods 
Publish: Avocado roll
Time: 1580947731.958295
*************************************************
Publish Info: foods 
Publish: Bruscetta
Time: 1580947732.9600303
*************************************************
Publish Info: foods 
Publish: bacon
Time: 1580947733.9618325
*************************************************
Publish Info: foods 
Publish: black beans
Time: 1580947734.963297
*************************************************
Publish Info: foods 
Publish: bagels
Time: 1580947735.9646783
*************************************************
Publish Info: foods 
Publish: baked beans
Time: 1580947736.9661617
*************************************************
Publish Info: foods 
Publish: BBQ
Time: 1580947737.9676187
*************************************************
Publish Info: foods 
Publish: bison
Time: 1580947738.9690166
*************************************************
Publish Info: foods 
Publish: barley
Time: 1580947739.9704778
*************************************************
Publish Info: foods 
Publish: beer
Time: 1580947740.9718988
*************************************************
Publish Info: foods 
Publish: bisque
Time: 1580947741.9734724
*************************************************
Publish Info: foods 
Publish: bluefish
Time: 1580947742.9750433
*************************************************
Publish Info: foods 
Publish: bread
Time: 1580947743.9766283
*************************************************
Publish Info: foods 
Publish: broccoli
Time: 1580947744.9782124
*************************************************
Publish Info: foods 
Publish: buritto
Time: 1580947745.9791064
*************************************************
Publish Info: foods 
Publish: babaganoosh
Time: 1580947746.9807425
*************************************************
Publish Info: foods 
Publish: Cabbage
Time: 1580947747.982367
*************************************************
Publish Info: foods 
Publish: cake
Time: 1580947748.9836736
*************************************************
Publish Info: foods 
Publish: carrots
Time: 1580947749.9853156
*************************************************
Publish Info: foods 
Publish: carne asada
Time: 1580947750.98693
*************************************************
Publish Info: foods 
Publish: celery
Time: 1580947751.9885561
*************************************************
Publish Info: foods 
Publish: cheese
Time: 1580947752.9901834
*************************************************
Publish Info: foods 
Publish: chicken
Time: 1580947753.9918287
*************************************************
Publish Info: foods 
Publish: catfish
Time: 1580947754.993475
*************************************************
Publish Info: foods 
Publish: chips
Time: 1580947755.9949188
*************************************************
Publish Info: foods 
Publish: chocolate
Time: 1580947756.9965377
*************************************************
Publish Info: foods 
Publish: chowder
Time: 1580947757.9980962
*************************************************
Publish Info: foods 
Publish: clams
Time: 1580947758.999667
*************************************************
Publish Info: foods 
Publish: coffee
Time: 1580947760.001234
*************************************************
Publish Info: foods 
Publish: cookies
Time: 1580947761.0028155
*************************************************
Publish Info: foods 
Publish: corn
Time: 1580947762.0043685
*************************************************
Publish Info: foods 
Publish: cupcakes
Time: 1580947763.005934
*************************************************
Publish Info: foods 
Publish: crab
Time: 1580947764.00742
*************************************************
Publish Info: foods 
Publish: curry
Time: 1580947765.0090067
*************************************************
Publish Info: foods 
Publish: cereal
Time: 1580947766.0105782
*************************************************
Publish Info: foods 
Publish: chimichang
Time: 1580947767.0116684
*************************************************
Publish Info: countries 
Publish: Antigua and Barbuda
Time: 1580948966.139773
*************************************************
Publish Info: countries 
Publish: Argentina
Time: 1580948967.1421578
*************************************************
Publish Info: countries 
Publish: Armenia
Time: 1580948968.1440353
*************************************************
Publish Info: countries 
Publish: Aruba
Time: 1580948969.1458087
*************************************************
Publish Info: countries 
Publish: Belize
Time: 1580948970.1478164
*************************************************
Publish Info: countries 
Publish: Benin
Time: 1580948971.1497393
*************************************************
Publish Info: countries 
Publish: Bhutan
Time: 1580948972.150929
*************************************************
Publish Info: countries 
Publish: Bolivia
Time: 1580948973.1528442
*************************************************
Publish Info: countries 
Publish: Bosnia and Herzegovina
Time: 1580948974.154767
*************************************************
Publish Info: countries 
Publish: Botswana
Time: 1580948975.1563044
*************************************************
Publish Info: countries 
Publish: Chad
Time: 1580948976.1578755
*************************************************
Publish Info: countries 
Publish: Chile
Time: 1580948977.158911
*************************************************
Publish Info: countries 
Publish: China
Time: 1580948978.1603496
*************************************************
Publish Info: countries 
Publish: Colombia
Time: 1580948979.1619122
*************************************************
Publish Info: countries 
Publish: Comoros
Time: 1580948980.1637545
